<?xml version="1.0" encoding="UTF-8"?>
<testng-results ignored="0" total="1" passed="1" failed="0" skipped="0">
  <reporter-output>
  </reporter-output>
  <suite started-at="2024-03-07T01:41:05 EET" name="Default suite" finished-at="2024-03-07T01:41:16 EET" duration-ms="11288">
    <groups>
    </groups>
    <test started-at="2024-03-07T01:41:05 EET" name="Default test" finished-at="2024-03-07T01:41:16 EET" duration-ms="11288">
      <class name="Sausedemo.AddItemToCart">
        <test-method is-config="true" signature="beforeTest()[pri:0, instance:Sausedemo.AddItemToCart@70a36a66]" started-at="2024-03-07T01:41:05 EET" name="beforeTest" finished-at="2024-03-07T01:41:07 EET" duration-ms="2147" status="PASS">
          <reporter-output>
          </reporter-output>
        </test-method> <!-- beforeTest -->
        <test-method signature="addToCart()[pri:0, instance:Sausedemo.AddItemToCart@70a36a66]" started-at="2024-03-07T01:41:07 EET" name="addToCart" finished-at="2024-03-07T01:41:16 EET" duration-ms="9089" status="PASS">
          <reporter-output>
          </reporter-output>
        </test-method> <!-- addToCart -->
      </class> <!-- Sausedemo.AddItemToCart -->
    </test> <!-- Default test -->
  </suite> <!-- Default suite -->
</testng-results>
